<?xml version="1.0" encoding="utf-8"?><testsuites name="pytest tests"><testsuite name="pytest" errors="0" failures="0" skipped="0" tests="20" time="42.156" timestamp="2026-09-03T16:55:41.321284+08:00" hostname="李青阳的电脑"><testcase classname="tests.test_lreca_integration" name="test_real_checkpoint_identity_and_official_vocabulary" time="3.571" /><testcase classname="tests.test_lreca_integration" name="test_real_global_prediction_matches_original_official_demo[human_positive_line_1]" time="0.029" /><testcase classname="tests.test_lreca_integration" name="test_real_global_prediction_matches_original_official_demo[human_negative_line_1]" time="0.450" /><testcase classname="tests.test_lreca_integration" name="test_repeated_global_scores_are_deterministic_and_uncalibrated" time="0.142" /><testcase classname="tests.test_lreca_integration" name="test_attribution_positions_amino_acids_and_top_residues" time="0.280" /><testcase classname="tests.test_lreca_integration" name="test_negative_prediction_explains_its_actual_argmax_class" time="0.199" /><testcase classname="tests.test_lreca_integration" name="test_real_kde_values_and_inclusive_coordinates" time="0.001" /><testcase classname="tests.test_lreca_integration" name="test_human_adapted_official_attribution_normalization_and_kde_regression" time="0.838" /><testcase classname="tests.test_lreca_integration" name="test_actual_supported_lengths_including_explainability[50]" time="0.139" /><testcase classname="tests.test_lreca_integration" name="test_actual_supported_lengths_including_explainability[100]" time="0.183" /><testcase classname="tests.test_lreca_integration" name="test_actual_supported_lengths_including_explainability[500]" time="0.667" /><testcase classname="tests.test_lreca_integration" name="test_actual_supported_lengths_including_explainability[1000]" time="1.689" /><testcase classname="tests.test_lreca_integration" name="test_actual_supported_lengths_including_explainability[2000]" time="4.871" /><testcase classname="tests.test_lreca_integration" name="test_short_sequences_keep_real_global_attribution_and_explicit_kde_limit[1]" time="0.014" /><testcase classname="tests.test_lreca_integration" name="test_short_sequences_keep_real_global_attribution_and_explicit_kde_limit[49]" time="0.026" /><testcase classname="tests.test_lreca_integration" name="test_model_is_loaded_once_across_load_and_analysis_calls" time="0.031" /><testcase classname="tests.test_lreca_integration" name="test_configured_threshold_top_count_and_kde_prominence" time="4.931" /><testcase classname="tests.test_lreca_integration" name="test_one_hundred_real_attributions_do_not_accumulate_hooks_or_memory" time="7.784" /><testcase classname="tests.test_lreca_integration" name="test_repeated_global_predictions_do_not_show_obvious_memory_growth" time="2.835" /><testcase classname="tests.test_lreca_integration" name="test_cuda_real_inference_and_explainability" time="13.229" /></testsuite></testsuites>