<?xml version="1.0" encoding="utf-8"?>
<!-- Sanitized exported initial full-test evidence; original bytes retained privately at .audit/module1_private_evidence/.audit/module1_production_tests.junit.xml -->
<testsuites name="pytest tests"><testsuite name="pytest" errors="0" failures="1" skipped="0" tests="125" time="40.797" timestamp="2026-09-03T17:21:08.642906+08:00" hostname="李青阳的电脑"><testcase classname="tests.test_lreca_api" name="test_application_loads_once_and_closes_once_for_repeated_requests" time="0.015" /><testcase classname="tests.test_lreca_api" name="test_explanation_switches_and_fasta_normalization[flags0-expected0]" time="0.007" /><testcase classname="tests.test_lreca_api" name="test_explanation_switches_and_fasta_normalization[flags1-expected1]" time="0.006" /><testcase classname="tests.test_lreca_api" name="test_explanation_switches_and_fasta_normalization[flags2-expected2]" time="0.006" /><testcase classname="tests.test_lreca_api" name="test_explanation_switches_and_fasta_normalization[flags3-expected3]" time="0.006" /><testcase classname="tests.test_lreca_api" name="test_validation_errors_have_no_prediction_payload[ \t\n-EMPTY_SEQUENCE-None-None]" time="0.006" /><testcase classname="tests.test_lreca_api" name="test_validation_errors_have_no_prediction_payload[&gt;protein\n\n-EMPTY_SEQUENCE-None-None]" time="0.007" /><testcase classname="tests.test_lreca_api" name="test_validation_errors_have_no_prediction_payload[AAAAAAAAAAAAAAAAAAAAAAAAAAAAAAAAAAAAAAAAAAAAAAAAAAAAAAAAAAAAAAAAAAAAAAAAAAAAAAAAAAAAAAAAAAAAAAAAAAAAAAAAAAAAAAAAAAAAAAAAAAAAAAAAAAAAAAAx-INVALID_AMINO_ACID-136-X]" time="0.006" /><testcase classname="tests.test_lreca_api" name="test_validation_errors_have_no_prediction_payload[ac b e-INVALID_AMINO_ACID-3-B]" time="0.007" /><testcase classname="tests.test_lreca_api" name="test_validation_errors_have_no_prediction_payload[&gt;one\nAC\n&gt;two\nDE-MULTIPLE_FASTA_RECORDS-None-None]" time="0.006" /><testcase classname="tests.test_lreca_api" name="test_validation_errors_have_no_prediction_payload[AC\n&gt;one\nDE-INVALID_FASTA-None-None]" time="0.008" /><testcase classname="tests.test_lreca_api" name="test_validation_errors_have_no_prediction_payload[&gt;\nACDE-INVALID_FASTA-None-None]" time="0.006" /><testcase classname="tests.test_lreca_api" name="test_validation_errors_have_no_prediction_payload[A\xdfC-INVALID_AMINO_ACID-2-\xdf]" time="0.007" /><testcase classname="tests.test_lreca_api" name="test_ambiguous_or_nonstandard_amino_acids_are_never_replaced[B]" time="0.001" /><testcase classname="tests.test_lreca_api" name="test_ambiguous_or_nonstandard_amino_acids_are_never_replaced[J]" time="0.000" /><testcase classname="tests.test_lreca_api" name="test_ambiguous_or_nonstandard_amino_acids_are_never_replaced[O]" time="0.000" /><testcase classname="tests.test_lreca_api" name="test_ambiguous_or_nonstandard_amino_acids_are_never_replaced[U]" time="0.001" /><testcase classname="tests.test_lreca_api" name="test_ambiguous_or_nonstandard_amino_acids_are_never_replaced[X]" time="0.000" /><testcase classname="tests.test_lreca_api" name="test_ambiguous_or_nonstandard_amino_acids_are_never_replaced[Z]" time="0.000" /><testcase classname="tests.test_lreca_api" name="test_json_types_are_not_silently_coerced[body0]" time="0.006" /><testcase classname="tests.test_lreca_api" name="test_json_types_are_not_silently_coerced[body1]" time="0.005" /><testcase classname="tests.test_lreca_api" name="test_startup_failure_keeps_liveness_and_returns_503_without_scores" time="0.008" /><testcase classname="tests.test_lreca_api" name="test_runtime_failures_have_explicit_status_and_no_score_fallback[error0-503-LRECA_UNAVAILABLE]" time="0.007" /><testcase classname="tests.test_lreca_api" name="test_runtime_failures_have_explicit_status_and_no_score_fallback[error1-504-LRECA_TIMEOUT]" time="0.007" /><testcase classname="tests.test_lreca_api" name="test_runtime_failures_have_explicit_status_and_no_score_fallback[error2-500-LRECA_ANALYSIS_FAILED]" time="0.008" /><testcase classname="tests.test_lreca_api" name="test_environment_aliases_and_named_settings_match_user_configuration" time="0.001" /><testcase classname="tests.test_lreca_api" name="test_invalid_runtime_configuration_is_rejected[options0]" time="0.001" /><testcase classname="tests.test_lreca_api" name="test_invalid_runtime_configuration_is_rejected[options1]" time="0.001" /><testcase classname="tests.test_lreca_api" name="test_invalid_runtime_configuration_is_rejected[options2]" time="0.001" /><testcase classname="tests.test_lreca_api" name="test_invalid_runtime_configuration_is_rejected[options3]" time="0.001" /><testcase classname="tests.test_lreca_api" name="test_interval_serialization_preserves_verified_inclusive_length" time="0.000" /><testcase classname="tests.test_lreca_api" name="test_unavailable_kde_is_explicit_without_fake_density_values" time="0.001" /><testcase classname="tests.test_lreca_api" name="test_result_rejects_conflicting_identity_or_fake_calibration" time="0.001" /><testcase classname="tests.test_lreca_api" name="test_public_metadata_rejects_any_private_field[checkpoint_path]" time="0.001" /><testcase classname="tests.test_lreca_api" name="test_public_metadata_rejects_any_private_field[configured_checkpoint_path]" time="0.001" /><testcase classname="tests.test_lreca_api" name="test_public_metadata_rejects_any_private_field[source_files]" time="0.000" /><testcase classname="tests.test_lreca_api" name="test_public_metadata_rejects_any_private_field[runtime]" time="0.000" /><testcase classname="tests.test_lreca_api" name="test_public_checkpoint_is_a_filename_never_a_filesystem_path[C:\\models\\human.pt]" time="0.000" /><testcase classname="tests.test_lreca_api" name="test_public_checkpoint_is_a_filename_never_a_filesystem_path[/srv/models/human.pt]" time="0.001" /><testcase classname="tests.test_lreca_api" name="test_public_checkpoint_is_a_filename_never_a_filesystem_path[models/human.pt]" time="0.000" /><testcase classname="tests.test_lreca_api" name="test_public_checkpoint_is_a_filename_never_a_filesystem_path[C:human.pt]" time="0.001" /><testcase classname="tests.test_lreca_api" name="test_public_repository_cannot_be_replaced_by_a_local_directory" time="0.001" /><testcase classname="tests.test_lreca_api" name="test_openapi_exposes_only_the_public_metadata_allowlist" time="0.050" /><testcase classname="tests.test_lreca_api" name="test_http_failure_messages_are_safe_while_internal_paths_remain_in_logs[LRECAUnavailableError-503-LRECA_UNAVAILABLE]" time="0.007" /><testcase classname="tests.test_lreca_api" name="test_http_failure_messages_are_safe_while_internal_paths_remain_in_logs[LRECATimeoutError-504-LRECA_TIMEOUT]" time="0.006" /><testcase classname="tests.test_lreca_api" name="test_http_failure_messages_are_safe_while_internal_paths_remain_in_logs[LRECAAnalysisError-500-LRECA_ANALYSIS_FAILED]" time="0.007" /><testcase classname="tests.test_lreca_api" name="test_health_never_echoes_an_internal_adapter_message[False]" time="0.006" /><testcase classname="tests.test_lreca_api" name="test_health_never_echoes_an_internal_adapter_message[True]" time="0.008" /><testcase classname="tests.test_lreca_api" name="test_public_device_name_accepts_cpu_and_cuda_without_fixing_a_gpu_index[cpu]" time="0.001" /><testcase classname="tests.test_lreca_api" name="test_public_device_name_accepts_cpu_and_cuda_without_fixing_a_gpu_index[cuda]" time="0.001" /><testcase classname="tests.test_lreca_api" name="test_public_device_name_accepts_cpu_and_cuda_without_fixing_a_gpu_index[cuda:0]" time="0.001" /><testcase classname="tests.test_lreca_api" name="test_public_device_name_accepts_cpu_and_cuda_without_fixing_a_gpu_index[cuda:3]" time="0.000" /><testcase classname="tests.test_lreca_api" name="test_public_device_name_rejects_internal_paths_and_invalid_values[C:\\private-server\\models\\human.pt]" time="0.001" /><testcase classname="tests.test_lreca_api" name="test_public_device_name_rejects_internal_paths_and_invalid_values[/srv/private-server/model.pt]" time="0.001" /><testcase classname="tests.test_lreca_api" name="test_public_device_name_rejects_internal_paths_and_invalid_values[..\\private-server\\model.pt]" time="0.000" /><testcase classname="tests.test_lreca_api" name="test_public_device_name_rejects_internal_paths_and_invalid_values[cuda:not-an-index]" time="0.001" /><testcase classname="tests.test_lreca_integration" name="test_real_checkpoint_identity_and_official_vocabulary" time="3.399" /><testcase classname="tests.test_lreca_integration" name="test_real_global_prediction_matches_original_official_demo[human_positive_line_1]" time="0.027" /><testcase classname="tests.test_lreca_integration" name="test_real_global_prediction_matches_original_official_demo[human_negative_line_1]" time="0.380" /><testcase classname="tests.test_lreca_integration" name="test_repeated_global_scores_are_deterministic_and_uncalibrated" time="0.102" /><testcase classname="tests.test_lreca_integration" name="test_attribution_positions_amino_acids_and_top_residues" time="0.195" /><testcase classname="tests.test_lreca_integration" name="test_negative_prediction_explains_its_actual_argmax_class" time="0.173" /><testcase classname="tests.test_lreca_integration" name="test_real_kde_values_and_inclusive_coordinates" time="0.000" /><testcase classname="tests.test_lreca_integration" name="test_human_adapted_official_attribution_normalization_and_kde_regression" time="0.626" /><testcase classname="tests.test_lreca_integration" name="test_actual_supported_lengths_including_explainability[50]" time="0.089" /><testcase classname="tests.test_lreca_integration" name="test_actual_supported_lengths_including_explainability[100]" time="0.103" /><testcase classname="tests.test_lreca_integration" name="test_actual_supported_lengths_including_explainability[500]" time="0.407" /><testcase classname="tests.test_lreca_integration" name="test_actual_supported_lengths_including_explainability[1000]" time="1.112" /><testcase classname="tests.test_lreca_integration" name="test_actual_supported_lengths_including_explainability[2000]" time="3.575" /><testcase classname="tests.test_lreca_integration" name="test_short_sequences_keep_real_global_attribution_and_explicit_kde_limit[1]" time="0.014" /><testcase classname="tests.test_lreca_integration" name="test_short_sequences_keep_real_global_attribution_and_explicit_kde_limit[49]" time="0.018" /><testcase classname="tests.test_lreca_integration" name="test_model_is_loaded_once_across_load_and_analysis_calls" time="0.023" /><testcase classname="tests.test_lreca_integration" name="test_configured_threshold_top_count_and_kde_prominence" time="4.104" /><testcase classname="tests.test_lreca_integration" name="test_one_hundred_real_attributions_do_not_accumulate_hooks_or_memory" time="6.214" /><testcase classname="tests.test_lreca_integration" name="test_repeated_global_predictions_do_not_show_obvious_memory_growth" time="2.513" /><testcase classname="tests.test_lreca_integration" name="test_cuda_real_inference_and_explainability" time="13.088" /><testcase classname="tests.test_lreca_portability" name="test_checkpoint_path_environment_alias_precedence" time="0.009" /><testcase classname="tests.test_lreca_portability" name="test_relative_paths_do_not_depend_on_cwd_or_user_home" time="0.004" /><testcase classname="tests.test_lreca_portability" name="test_default_worker_executable_is_composed_from_project_and_platform" time="0.000" /><testcase classname="tests.test_lreca_portability" name="test_model_artifacts_are_ignored_at_every_project_location" time="0.051"><failure message="assert {'&quot;models/lre...89-0.9802.pt'} == {'backend/tes...uman.h5', ...}&#10;  &#10;  Extra items in the left set:&#10;  '&quot;models/lreca/human_1_RCNN_ECA_parallel_089-0.9802.pt\\r&quot;'&#10;  Extra items in the right set:&#10;  'test-ignore-only/human.pth'&#10;  'backend/tests/fixtures/human_1_RCNN_ECA_parallel_089-0.9802.pt'&#10;  'test-ignore-only/human.pickle'...&#10;  &#10;  ...Full output truncated (10 lines hidden), use '-vv' to show">def test_model_artifacts_are_ignored_at_every_project_location():
        candidates = [f"test-ignore-only/human{suffix}" for suffix in sorted(MODEL_SUFFIXES)] + [
            f"models/lreca/{CHECKPOINT_NAME}",
            f"backend/tests/fixtures/{CHECKPOINT_NAME}",
            f"external/lreca/Demo/trained_model/{CHECKPOINT_NAME}",
        ]
        result = git_read("check-ignore", "--no-index", "--stdin", input_text="\n".join(candidates))
        assert result.returncode == 0, result.stderr
&gt;       assert set(result.stdout.splitlines()) == set(candidates)
E       assert {'"models/lre...89-0.9802.pt'} == {'backend/tes...uman.h5', ...}
E
E         Extra items in the left set:
E         '"models/lreca/human_1_RCNN_ECA_parallel_089-0.9802.pt\\r"'
E         Extra items in the right set:
E         'test-ignore-only/human.pth'
E         'backend/tests/fixtures/human_1_RCNN_ECA_parallel_089-0.9802.pt'
E         'test-ignore-only/human.pickle'...
E
E         ...Full output truncated (10 lines hidden), use '-vv' to show

backend\tests\test_lreca_portability.py:79: AssertionError</failure></testcase><testcase classname="tests.test_lreca_portability" name="test_no_model_weights_are_tracked_by_the_project_repository" time="0.045" /><testcase classname="tests.test_lreca_portability" name="test_runtime_contains_no_hardcoded_windows_drive_or_user_home_lookup" time="0.027" /><testcase classname="tests.test_lreca_portability" name="test_future_docker_context_excludes_local_runtime_secrets_and_weights" time="0.001" /><testcase classname="tests.test_lreca_process" name="test_actual_metadata_rejects_missing_checkpoint_without_importing_torch" time="0.124" /><testcase classname="tests.test_lreca_process" name="test_missing_python_is_an_explicit_unavailable_startup" time="0.003" /><testcase classname="tests.test_lreca_process" name="test_checkpoint_startup_failure_stops_child_and_does_not_return_metadata" time="0.124" /><testcase classname="tests.test_lreca_process" name="test_stderr_diagnostics_and_concurrent_replies_cannot_cross_requests" time="0.118" /><testcase classname="tests.test_lreca_process" name="test_timeout_stops_child_and_late_reply_cannot_enter_a_restarted_session" time="0.312" /><testcase classname="tests.test_lreca_process" name="test_worker_crash_is_unavailable_and_never_implicitly_restarts" time="0.101" /><testcase classname="tests.test_lreca_process" name="test_invalid_protocol_responses_stop_the_worker[malformed]" time="0.113" /><testcase classname="tests.test_lreca_process" name="test_invalid_protocol_responses_stop_the_worker[wrong_id]" time="0.109" /><testcase classname="tests.test_lreca_process" name="test_invalid_protocol_responses_stop_the_worker[bad_result]" time="0.107" /><testcase classname="tests.test_lreca_process" name="test_malformed_error_envelopes_fail_closed[None]" time="0.122" /><testcase classname="tests.test_lreca_process" name="test_malformed_error_envelopes_fail_closed[invalid_error1]" time="0.107" /><testcase classname="tests.test_lreca_process" name="test_malformed_error_envelopes_fail_closed[invalid error object]" time="0.106" /><testcase classname="tests.test_lreca_process" name="test_reported_analysis_error_preserves_a_healthy_worker_for_the_next_request" time="0.104" /><testcase classname="tests.test_lreca_process" name="test_adapter_config_and_repeated_load_reach_one_persistent_worker" time="0.110" /><testcase classname="tests.test_lreca_process" name="test_concurrent_adapter_requests_keep_responses_with_their_original_sequence" time="0.126" /><testcase classname="tests.test_lreca_process" name="test_cancelled_adapter_request_keeps_ownership_until_reply_is_consumed" time="0.306" /><testcase classname="tests.test_lreca_process" name="test_adapter_rejects_false_readiness_and_cleans_up_the_child" time="0.118" /><testcase classname="tests.test_lreca_process" name="test_close_finishes_without_leaving_a_live_child" time="0.105" /><testcase classname="tests.test_lreca_process" name="test_cancelled_load_cleans_up_the_worker_before_releasing_ownership" time="0.407" /><testcase classname="tests.test_lreca_process" name="test_success_and_health_publish_only_safe_identity_from_private_worker_metadata" time="0.117" /><testcase classname="tests.test_lreca_process" name="test_missing_checkpoint_details_remain_private_in_startup_health_and_503" time="0.130" /><testcase classname="tests.test_lreca_process" name="test_worker_stderr_and_runtime_failures_never_leak_server_paths_in_http[crash-503]" time="0.169" /><testcase classname="tests.test_lreca_process" name="test_worker_stderr_and_runtime_failures_never_leak_server_paths_in_http[failure-500]" time="0.129" /><testcase classname="tests.test_lreca_process" name="test_worker_stderr_and_runtime_failures_never_leak_server_paths_in_http[timeout-504]" time="0.222" /><testcase classname="tests.test_module0" name="test_package_import_has_no_scientific_runtime_side_effects" time="0.001" /><testcase classname="tests.test_module0" name="test_base_contract_accepts_a_minimal_test_subclass" time="0.001" /><testcase classname="tests.test_module0" name="test_placeholders_never_report_predictions_or_readiness[FuzDropRemoteAdapter]" time="0.001" /><testcase classname="tests.test_module0" name="test_placeholders_never_report_predictions_or_readiness[SEGAdapter]" time="0.002" /><testcase classname="tests.test_module0" name="test_placeholders_never_report_predictions_or_readiness[DisMetaAdapter]" time="0.001" /><testcase classname="tests.test_module0" name="test_annotations_and_predictions_are_separate" time="0.000" /><testcase classname="tests.test_module0" name="test_inclusive_region_length_and_python_slice_round_trip" time="0.000" /><testcase classname="tests.test_module0" name="test_single_residue_and_last_residue_are_not_lost" time="0.000" /><testcase classname="tests.test_module0" name="test_invalid_public_regions_are_rejected[0-1]" time="0.000" /><testcase classname="tests.test_module0" name="test_invalid_public_regions_are_rejected[2-1]" time="0.001" /><testcase classname="tests.test_module0" name="test_invalid_public_regions_are_rejected[1.5-3]" time="0.000" /><testcase classname="tests.test_module0" name="test_invalid_public_regions_are_rejected[True-3]" time="0.000" /><testcase classname="tests.test_module0" name="test_invalid_internal_regions_are_rejected[-1-1]" time="0.000" /><testcase classname="tests.test_module0" name="test_invalid_internal_regions_are_rejected[3-3]" time="0.000" /><testcase classname="tests.test_module0" name="test_invalid_internal_regions_are_rejected[4-2]" time="0.000" /><testcase classname="tests.test_module0" name="test_invalid_internal_regions_are_rejected[True-3]" time="0.000" /><testcase classname="tests.test_module0" name="test_zero_based_residue_position_is_not_a_valid_api_coordinate" time="0.000" /><testcase classname="tests.test_module0" name="test_health_is_liveness_only_and_only_lreca_analysis_endpoint_exists" time="0.048" /></testsuite></testsuites>