<?xml version="1.0" encoding="utf-8"?><testsuites name="pytest tests"><testsuite name="pytest" errors="0" failures="0" skipped="0" tests="90" time="37.345" timestamp="2026-09-03T17:00:56.154241+08:00" hostname="李青阳的电脑"><testcase classname="tests.test_lreca_api" name="test_application_loads_once_and_closes_once_for_repeated_requests" time="0.014" /><testcase classname="tests.test_lreca_api" name="test_explanation_switches_and_fasta_normalization[flags0-expected0]" time="0.007" /><testcase classname="tests.test_lreca_api" name="test_explanation_switches_and_fasta_normalization[flags1-expected1]" time="0.006" /><testcase classname="tests.test_lreca_api" name="test_explanation_switches_and_fasta_normalization[flags2-expected2]" time="0.006" /><testcase classname="tests.test_lreca_api" name="test_explanation_switches_and_fasta_normalization[flags3-expected3]" time="0.006" /><testcase classname="tests.test_lreca_api" name="test_validation_errors_have_no_prediction_payload[ \t\n-EMPTY_SEQUENCE-None-None]" time="0.006" /><testcase classname="tests.test_lreca_api" name="test_validation_errors_have_no_prediction_payload[&gt;protein\n\n-EMPTY_SEQUENCE-None-None]" time="0.006" /><testcase classname="tests.test_lreca_api" name="test_validation_errors_have_no_prediction_payload[AAAAAAAAAAAAAAAAAAAAAAAAAAAAAAAAAAAAAAAAAAAAAAAAAAAAAAAAAAAAAAAAAAAAAAAAAAAAAAAAAAAAAAAAAAAAAAAAAAAAAAAAAAAAAAAAAAAAAAAAAAAAAAAAAAAAAAAx-INVALID_AMINO_ACID-136-X]" time="0.006" /><testcase classname="tests.test_lreca_api" name="test_validation_errors_have_no_prediction_payload[ac b e-INVALID_AMINO_ACID-3-B]" time="0.006" /><testcase classname="tests.test_lreca_api" name="test_validation_errors_have_no_prediction_payload[&gt;one\nAC\n&gt;two\nDE-MULTIPLE_FASTA_RECORDS-None-None]" time="0.005" /><testcase classname="tests.test_lreca_api" name="test_validation_errors_have_no_prediction_payload[AC\n&gt;one\nDE-INVALID_FASTA-None-None]" time="0.006" /><testcase classname="tests.test_lreca_api" name="test_validation_errors_have_no_prediction_payload[&gt;\nACDE-INVALID_FASTA-None-None]" time="0.006" /><testcase classname="tests.test_lreca_api" name="test_validation_errors_have_no_prediction_payload[A\xdfC-INVALID_AMINO_ACID-2-\xdf]" time="0.007" /><testcase classname="tests.test_lreca_api" name="test_ambiguous_or_nonstandard_amino_acids_are_never_replaced[B]" time="0.001" /><testcase classname="tests.test_lreca_api" name="test_ambiguous_or_nonstandard_amino_acids_are_never_replaced[J]" time="0.000" /><testcase classname="tests.test_lreca_api" name="test_ambiguous_or_nonstandard_amino_acids_are_never_replaced[O]" time="0.000" /><testcase classname="tests.test_lreca_api" name="test_ambiguous_or_nonstandard_amino_acids_are_never_replaced[U]" time="0.000" /><testcase classname="tests.test_lreca_api" name="test_ambiguous_or_nonstandard_amino_acids_are_never_replaced[X]" time="0.000" /><testcase classname="tests.test_lreca_api" name="test_ambiguous_or_nonstandard_amino_acids_are_never_replaced[Z]" time="0.001" /><testcase classname="tests.test_lreca_api" name="test_json_types_are_not_silently_coerced[body0]" time="0.008" /><testcase classname="tests.test_lreca_api" name="test_json_types_are_not_silently_coerced[body1]" time="0.007" /><testcase classname="tests.test_lreca_api" name="test_startup_failure_keeps_liveness_and_returns_503_without_scores" time="0.009" /><testcase classname="tests.test_lreca_api" name="test_runtime_failures_have_explicit_status_and_no_score_fallback[error0-503-LRECA_UNAVAILABLE]" time="0.006" /><testcase classname="tests.test_lreca_api" name="test_runtime_failures_have_explicit_status_and_no_score_fallback[error1-504-LRECA_TIMEOUT]" time="0.005" /><testcase classname="tests.test_lreca_api" name="test_runtime_failures_have_explicit_status_and_no_score_fallback[error2-500-LRECA_ANALYSIS_FAILED]" time="0.007" /><testcase classname="tests.test_lreca_api" name="test_environment_aliases_and_named_settings_match_user_configuration" time="0.001" /><testcase classname="tests.test_lreca_api" name="test_invalid_runtime_configuration_is_rejected[options0]" time="0.001" /><testcase classname="tests.test_lreca_api" name="test_invalid_runtime_configuration_is_rejected[options1]" time="0.001" /><testcase classname="tests.test_lreca_api" name="test_invalid_runtime_configuration_is_rejected[options2]" time="0.001" /><testcase classname="tests.test_lreca_api" name="test_invalid_runtime_configuration_is_rejected[options3]" time="0.001" /><testcase classname="tests.test_lreca_api" name="test_interval_serialization_preserves_verified_inclusive_length" time="0.000" /><testcase classname="tests.test_lreca_api" name="test_unavailable_kde_is_explicit_without_fake_density_values" time="0.000" /><testcase classname="tests.test_lreca_api" name="test_result_rejects_conflicting_identity_or_fake_calibration" time="0.001" /><testcase classname="tests.test_lreca_integration" name="test_real_checkpoint_identity_and_official_vocabulary" time="3.316" /><testcase classname="tests.test_lreca_integration" name="test_real_global_prediction_matches_original_official_demo[human_positive_line_1]" time="0.022" /><testcase classname="tests.test_lreca_integration" name="test_real_global_prediction_matches_original_official_demo[human_negative_line_1]" time="0.333" /><testcase classname="tests.test_lreca_integration" name="test_repeated_global_scores_are_deterministic_and_uncalibrated" time="0.114" /><testcase classname="tests.test_lreca_integration" name="test_attribution_positions_amino_acids_and_top_residues" time="0.195" /><testcase classname="tests.test_lreca_integration" name="test_negative_prediction_explains_its_actual_argmax_class" time="0.148" /><testcase classname="tests.test_lreca_integration" name="test_real_kde_values_and_inclusive_coordinates" time="0.001" /><testcase classname="tests.test_lreca_integration" name="test_human_adapted_official_attribution_normalization_and_kde_regression" time="0.636" /><testcase classname="tests.test_lreca_integration" name="test_actual_supported_lengths_including_explainability[50]" time="0.096" /><testcase classname="tests.test_lreca_integration" name="test_actual_supported_lengths_including_explainability[100]" time="0.115" /><testcase classname="tests.test_lreca_integration" name="test_actual_supported_lengths_including_explainability[500]" time="0.396" /><testcase classname="tests.test_lreca_integration" name="test_actual_supported_lengths_including_explainability[1000]" time="1.065" /><testcase classname="tests.test_lreca_integration" name="test_actual_supported_lengths_including_explainability[2000]" time="3.459" /><testcase classname="tests.test_lreca_integration" name="test_short_sequences_keep_real_global_attribution_and_explicit_kde_limit[1]" time="0.011" /><testcase classname="tests.test_lreca_integration" name="test_short_sequences_keep_real_global_attribution_and_explicit_kde_limit[49]" time="0.018" /><testcase classname="tests.test_lreca_integration" name="test_model_is_loaded_once_across_load_and_analysis_calls" time="0.022" /><testcase classname="tests.test_lreca_integration" name="test_configured_threshold_top_count_and_kde_prominence" time="3.814" /><testcase classname="tests.test_lreca_integration" name="test_one_hundred_real_attributions_do_not_accumulate_hooks_or_memory" time="5.848" /><testcase classname="tests.test_lreca_integration" name="test_repeated_global_predictions_do_not_show_obvious_memory_growth" time="2.288" /><testcase classname="tests.test_lreca_integration" name="test_cuda_real_inference_and_explainability" time="12.119" /><testcase classname="tests.test_lreca_process" name="test_actual_metadata_rejects_missing_checkpoint_without_importing_torch" time="0.111" /><testcase classname="tests.test_lreca_process" name="test_missing_python_is_an_explicit_unavailable_startup" time="0.002" /><testcase classname="tests.test_lreca_process" name="test_checkpoint_startup_failure_stops_child_and_does_not_return_metadata" time="0.114" /><testcase classname="tests.test_lreca_process" name="test_stderr_diagnostics_and_concurrent_replies_cannot_cross_requests" time="0.098" /><testcase classname="tests.test_lreca_process" name="test_timeout_stops_child_and_late_reply_cannot_enter_a_restarted_session" time="0.278" /><testcase classname="tests.test_lreca_process" name="test_worker_crash_is_unavailable_and_never_implicitly_restarts" time="0.094" /><testcase classname="tests.test_lreca_process" name="test_invalid_protocol_responses_stop_the_worker[malformed]" time="0.112" /><testcase classname="tests.test_lreca_process" name="test_invalid_protocol_responses_stop_the_worker[wrong_id]" time="0.106" /><testcase classname="tests.test_lreca_process" name="test_invalid_protocol_responses_stop_the_worker[bad_result]" time="0.106" /><testcase classname="tests.test_lreca_process" name="test_malformed_error_envelopes_fail_closed[None]" time="0.106" /><testcase classname="tests.test_lreca_process" name="test_malformed_error_envelopes_fail_closed[invalid_error1]" time="0.109" /><testcase classname="tests.test_lreca_process" name="test_malformed_error_envelopes_fail_closed[invalid error object]" time="0.108" /><testcase classname="tests.test_lreca_process" name="test_reported_analysis_error_preserves_a_healthy_worker_for_the_next_request" time="0.095" /><testcase classname="tests.test_lreca_process" name="test_adapter_config_and_repeated_load_reach_one_persistent_worker" time="0.101" /><testcase classname="tests.test_lreca_process" name="test_concurrent_adapter_requests_keep_responses_with_their_original_sequence" time="0.105" /><testcase classname="tests.test_lreca_process" name="test_cancelled_adapter_request_keeps_ownership_until_reply_is_consumed" time="0.306" /><testcase classname="tests.test_lreca_process" name="test_adapter_rejects_false_readiness_and_cleans_up_the_child" time="0.100" /><testcase classname="tests.test_lreca_process" name="test_close_finishes_without_leaving_a_live_child" time="0.093" /><testcase classname="tests.test_lreca_process" name="test_cancelled_load_cleans_up_the_worker_before_releasing_ownership" time="0.400" /><testcase classname="tests.test_module0" name="test_package_import_has_no_scientific_runtime_side_effects" time="0.002" /><testcase classname="tests.test_module0" name="test_base_contract_accepts_a_minimal_test_subclass" time="0.002" /><testcase classname="tests.test_module0" name="test_placeholders_never_report_predictions_or_readiness[FuzDropRemoteAdapter]" time="0.001" /><testcase classname="tests.test_module0" name="test_placeholders_never_report_predictions_or_readiness[SEGAdapter]" time="0.001" /><testcase classname="tests.test_module0" name="test_placeholders_never_report_predictions_or_readiness[DisMetaAdapter]" time="0.001" /><testcase classname="tests.test_module0" name="test_annotations_and_predictions_are_separate" time="0.000" /><testcase classname="tests.test_module0" name="test_inclusive_region_length_and_python_slice_round_trip" time="0.000" /><testcase classname="tests.test_module0" name="test_single_residue_and_last_residue_are_not_lost" time="0.000" /><testcase classname="tests.test_module0" name="test_invalid_public_regions_are_rejected[0-1]" time="0.001" /><testcase classname="tests.test_module0" name="test_invalid_public_regions_are_rejected[2-1]" time="0.001" /><testcase classname="tests.test_module0" name="test_invalid_public_regions_are_rejected[1.5-3]" time="0.000" /><testcase classname="tests.test_module0" name="test_invalid_public_regions_are_rejected[True-3]" time="0.001" /><testcase classname="tests.test_module0" name="test_invalid_internal_regions_are_rejected[-1-1]" time="0.001" /><testcase classname="tests.test_module0" name="test_invalid_internal_regions_are_rejected[3-3]" time="0.001" /><testcase classname="tests.test_module0" name="test_invalid_internal_regions_are_rejected[4-2]" time="0.001" /><testcase classname="tests.test_module0" name="test_invalid_internal_regions_are_rejected[True-3]" time="0.000" /><testcase classname="tests.test_module0" name="test_zero_based_residue_position_is_not_a_valid_api_coordinate" time="0.000" /><testcase classname="tests.test_module0" name="test_health_is_liveness_only_and_only_lreca_analysis_endpoint_exists" time="0.052" /></testsuite></testsuites>