<?xml version="1.0" encoding="utf-8"?>
<!-- Sanitized exported actual targeted retest; original bytes retained privately at .audit/module1_private_evidence/.audit/module1_portability_retest.junit.xml -->
<testsuites name="pytest tests"><testsuite name="pytest" errors="0" failures="0" skipped="0" tests="7" time="0.296" timestamp="2026-09-03T17:25:22.714237+08:00" hostname="李青阳的电脑"><testcase classname="tests.test_lreca_portability" name="test_checkpoint_path_environment_alias_precedence" time="0.009" /><testcase classname="tests.test_lreca_portability" name="test_relative_paths_do_not_depend_on_cwd_or_user_home" time="0.003" /><testcase classname="tests.test_lreca_portability" name="test_default_worker_executable_is_composed_from_project_and_platform" time="0.000" /><testcase classname="tests.test_lreca_portability" name="test_model_artifacts_are_ignored_at_every_project_location" time="0.047" /><testcase classname="tests.test_lreca_portability" name="test_no_model_weights_are_tracked_by_the_project_repository" time="0.042" /><testcase classname="tests.test_lreca_portability" name="test_runtime_contains_no_hardcoded_windows_drive_or_user_home_lookup" time="0.027" /><testcase classname="tests.test_lreca_portability" name="test_future_docker_context_excludes_local_runtime_secrets_and_weights" time="0.001" /></testsuite></testsuites>