<?xml version="1.0" encoding="utf-8"?><testsuites name="pytest tests"><testsuite name="pytest" errors="0" failures="0" skipped="0" tests="35" time="1.951" timestamp="2026-09-04T13:53:43.715114+08:00" hostname="李青阳的电脑"><testcase classname="tests.test_lreca_service" name="test_service_verifies_then_loads_once_and_reuses_model" time="0.149" /><testcase classname="tests.test_lreca_service" name="test_bad_sha_keeps_process_live_but_never_loads_or_predicts" time="0.025" /><testcase classname="tests.test_lreca_service" name="test_startup_failure_is_unready_without_exposing_checkpoint_path" time="0.025" /><testcase classname="tests.test_lreca_service" name="test_service_enforces_one_model_process_per_container" time="0.005" /><testcase classname="tests.test_lreca_service" name="test_internal_contract_forbids_extra_fields_and_enforces_length" time="0.024" /><testcase classname="tests.test_lreca_service" name="test_remote_adapter_preserves_schema_flags_and_safe_metadata[asyncio]" time="0.003" /><testcase classname="tests.test_lreca_service" name="test_remote_adapter_rejects_unready_or_wrong_model_identity[asyncio]" time="0.002" /><testcase classname="tests.test_lreca_service" name="test_remote_transport_timeout_is_typed_and_does_not_echo_url[asyncio]" time="0.002" /><testcase classname="tests.test_lreca_service" name="test_remote_transport_failure_is_typed_and_safe[asyncio]" time="0.001" /><testcase classname="tests.test_lreca_service" name="test_rq_mode_rejects_synchronous_public_lreca_inference[asyncio]" time="0.001" /><testcase classname="tests.test_lreca_service" name="test_remote_http_analysis_failure_is_deterministic_not_transport_error[asyncio]" time="0.002" /><testcase classname="tests.test_lreca_service" name="test_remote_service_url_must_be_a_safe_origin[file:///models/lreca]" time="0.001" /><testcase classname="tests.test_lreca_service" name="test_remote_service_url_must_be_a_safe_origin[http://user:pass@lreca:8001]" time="0.000" /><testcase classname="tests.test_lreca_service" name="test_remote_service_url_must_be_a_safe_origin[http://lreca:8001/private]" time="0.000" /><testcase classname="tests.test_lreca_service" name="test_main_backend_selects_remote_adapter_when_service_is_configured" time="0.002" /><testcase classname="tests.test_module10_queue" name="test_rq_payload_contains_only_job_id_and_has_finite_retry" time="0.000" /><testcase classname="tests.test_module10_queue" name="test_lreca_retry_classification_is_transient_only[error0-METHOD_TRANSIENT_FAILURE-True]" time="0.003" /><testcase classname="tests.test_module10_queue" name="test_lreca_retry_classification_is_transient_only[error1-METHOD_TRANSIENT_FAILURE-True]" time="0.003" /><testcase classname="tests.test_module10_queue" name="test_lreca_retry_classification_is_transient_only[error2-METHOD_EXECUTION_FAILED-False]" time="0.003" /><testcase classname="tests.test_module10_queue" name="test_production_requires_durable_queue_redis_and_lreca_service" time="0.007" /><testcase classname="tests.test_module10_queue" name="test_durable_service_persists_then_dispatches_without_local_execution" time="0.003" /><testcase classname="tests.test_module10_queue" name="test_failed_dispatch_removes_sql_admission_and_returns_safe_error" time="0.002" /><testcase classname="tests.test_module10_queue" name="test_durable_health_requires_a_registered_worker" time="0.003" /><testcase classname="tests.test_module10_queue" name="test_sql_admission_distinguishes_owner_and_global_active_limits" time="0.032" /><testcase classname="tests.test_module10_queue" name="test_atomic_claim_allows_only_one_execution" time="0.011" /><testcase classname="tests.test_module10_queue" name="test_stale_running_job_is_requeued_and_can_be_claimed_again" time="0.011" /><testcase classname="tests.test_module10_queue" name="test_exhausted_worker_failure_becomes_structured_interrupted" time="0.011" /><testcase classname="tests.test_module10_queue" name="test_worker_loads_sequence_from_sql_and_persists_result" time="0.076" /><testcase classname="tests.test_module10_queue" name="test_worker_startup_preflights_worker_owned_seg" time="0.004" /><testcase classname="tests.test_module10_security" name="test_rate_limit_combines_session_and_address_without_plain_identifiers" time="0.003" /><testcase classname="tests.test_module10_security" name="test_request_id_security_headers_and_private_no_store" time="0.007" /><testcase classname="tests.test_module10_security" name="test_csrf_origin_rejection_is_structured_and_traceable" time="0.006" /><testcase classname="tests.test_module10_security" name="test_operational_health_and_version_are_safe_and_liveness_is_independent" time="0.019" /><testcase classname="tests.test_module10_security" name="test_analysis_rate_limit_remains_a_structured_429" time="0.053" /><testcase classname="tests.test_module10_security" name="test_cookie_secure_flag_tracks_public_https_without_breaking_local_http" time="0.014" /></testsuite></testsuites>